0 info it worked if it ends with ok
1 verbose cli [ '/usr/local/bin/node', '/usr/local/bin/npm', 'start' ]
2 info using npm@3.3.12
3 info using node@v5.4.1
4 verbose run-script [ 'prestart', 'start', 'poststart' ]
5 info lifecycle WebSocketSimulation@1.0.0~prestart: WebSocketSimulation@1.0.0
6 silly lifecycle WebSocketSimulation@1.0.0~prestart: no script for prestart, continuing
7 info lifecycle WebSocketSimulation@1.0.0~start: WebSocketSimulation@1.0.0
8 verbose lifecycle WebSocketSimulation@1.0.0~start: unsafe-perm in lifecycle true
9 verbose lifecycle WebSocketSimulation@1.0.0~start: PATH: /usr/local/lib/node_modules/npm/bin/node-gyp-bin:/Users/divya-2757/git/WebSocket/node_modules/.bin:/Library/Java/JavaVirtualMachines/jdk1.7.0_45.jdk/Contents/Home/bin:/Applications/phantomjs-2.0.0-macosx/bin:/Users/shree-1934/installed/ctags-5.8:/Users/shree-1934/installed/soylatte16-amd64-1.0.3/bin:/Applications/MacVim-snapshot-64:/usr/local/bin:/usr/bin:/bin:/usr/sbin:/sbin:/usr/local/bin:/opt/X11/bin:/Library/Java/JavaVirtualMachines/jdk1.7.0_45.jdk/Contents/Home/bin:/Applications/phantomjs-2.0.0-macosx/bin:/Users/shree-1934/installed/ctags-5.8:/Users/shree-1934/installed/soylatte16-amd64-1.0.3/bin:/Applications/MacVim-snapshot-64
10 verbose lifecycle WebSocketSimulation@1.0.0~start: CWD: /Users/divya-2757/git/WebSocket
11 silly lifecycle WebSocketSimulation@1.0.0~start: Args: [ '-c', 'node node/index.js;' ]
12 silly lifecycle WebSocketSimulation@1.0.0~start: Returned: code: 1  signal: null
13 info lifecycle WebSocketSimulation@1.0.0~start: Failed to exec start script
14 verbose stack Error: WebSocketSimulation@1.0.0 start: `node node/index.js;`
14 verbose stack Exit status 1
14 verbose stack     at EventEmitter.<anonymous> (/usr/local/lib/node_modules/npm/lib/utils/lifecycle.js:232:16)
14 verbose stack     at emitTwo (events.js:87:13)
14 verbose stack     at EventEmitter.emit (events.js:172:7)
14 verbose stack     at ChildProcess.<anonymous> (/usr/local/lib/node_modules/npm/lib/utils/spawn.js:24:14)
14 verbose stack     at emitTwo (events.js:87:13)
14 verbose stack     at ChildProcess.emit (events.js:172:7)
14 verbose stack     at maybeClose (internal/child_process.js:821:16)
14 verbose stack     at Process.ChildProcess._handle.onexit (internal/child_process.js:211:5)
15 verbose pkgid WebSocketSimulation@1.0.0
16 verbose cwd /Users/divya-2757/git/WebSocket
17 error Darwin 13.4.0
18 error argv "/usr/local/bin/node" "/usr/local/bin/npm" "start"
19 error node v5.4.1
20 error npm  v3.3.12
21 error code ELIFECYCLE
22 error WebSocketSimulation@1.0.0 start: `node node/index.js;`
22 error Exit status 1
23 error Failed at the WebSocketSimulation@1.0.0 start script 'node node/index.js;'.
23 error Make sure you have the latest version of node.js and npm installed.
23 error If you do, this is most likely a problem with the WebSocketSimulation package,
23 error not with npm itself.
23 error Tell the author that this fails on your system:
23 error     node node/index.js;
23 error You can get their info via:
23 error     npm owner ls WebSocketSimulation
23 error There is likely additional logging output above.
24 verbose exit [ 1, true ]
